<?xml version="1.0" encoding="UTF-8"?>
<testng-results skipped="0" failed="0" ignored="0" total="1" passed="1">
  <reporter-output>
  </reporter-output>
  <suite name="Default suite" duration-ms="8050" started-at="2021-04-30T20:34:27 EDT" finished-at="2021-04-30T20:34:35 EDT">
    <groups>
    </groups>
    <test name="Default test" duration-ms="8050" started-at="2021-04-30T20:34:27 EDT" finished-at="2021-04-30T20:34:35 EDT">
      <class name="javascriptExecutor.GenerateAlert">
        <test-method status="PASS" signature="testSetup()[pri:0, instance:javascriptExecutor.GenerateAlert@2bbaf4f0]" name="testSetup" is-config="true" duration-ms="5184" started-at="2021-04-30T20:34:27 EDT" finished-at="2021-04-30T20:34:32 EDT">
          <reporter-output>
          </reporter-output>
        </test-method> <!-- testSetup -->
        <test-method status="PASS" signature="generateAlert()[pri:0, instance:javascriptExecutor.GenerateAlert@2bbaf4f0]" name="generateAlert" duration-ms="2071" started-at="2021-04-30T20:34:32 EDT" finished-at="2021-04-30T20:34:34 EDT">
          <reporter-output>
          </reporter-output>
        </test-method> <!-- generateAlert -->
        <test-method status="PASS" signature="tearDown()[pri:0, instance:javascriptExecutor.GenerateAlert@2bbaf4f0]" name="tearDown" is-config="true" duration-ms="763" started-at="2021-04-30T20:34:34 EDT" finished-at="2021-04-30T20:34:35 EDT">
          <reporter-output>
          </reporter-output>
        </test-method> <!-- tearDown -->
      </class> <!-- javascriptExecutor.GenerateAlert -->
    </test> <!-- Default test -->
  </suite> <!-- Default suite -->
</testng-results>
